2026-04-03 14:07:40+00:00 [Note] [Entrypoint]: Entrypoint script for MySQL Server 8.0.45-1.el9 started.
2026-04-03 14:07:40+00:00 [Note] [Entrypoint]: Switching to dedicated user 'mysql'
2026-04-03 14:07:40+00:00 [Note] [Entrypoint]: Entrypoint script for MySQL Server 8.0.45-1.el9 started.
2026-04-03 14:07:41+00:00 [ERROR] [Entrypoint]: MYSQL_USER="root", MYSQL_USER and MYSQL_PASSWORD are for configuring a regular user and cannot be used for the root user
    Remove MYSQL_USER="root" and use one of the following to control the root user password:
    - MYSQL_ROOT_PASSWORD
    - MYSQL_ALLOW_EMPTY_PASSWORD
    - MYSQL_RANDOM_ROOT_PASSWORD
2026-04-03 14:07:41+00:00 [Note] [Entrypoint]: Entrypoint script for MySQL Server 8.0.45-1.el9 started.
2026-04-03 14:07:42+00:00 [Note] [Entrypoint]: Switching to dedicated user 'mysql'
2026-04-03 14:07:42+00:00 [Note] [Entrypoint]: Entrypoint script for MySQL Server 8.0.45-1.el9 started.
2026-04-03 14:07:42+00:00 [ERROR] [Entrypoint]: MYSQL_USER="root", MYSQL_USER and MYSQL_PASSWORD are for configuring a regular user and cannot be used for the root user
    Remove MYSQL_USER="root" and use one of the following to control the root user password:
    - MYSQL_ROOT_PASSWORD
    - MYSQL_ALLOW_EMPTY_PASSWORD
    - MYSQL_RANDOM_ROOT_PASSWORD
2026-04-03 14:07:42+00:00 [Note] [Entrypoint]: Entrypoint script for MySQL Server 8.0.45-1.el9 started.
2026-04-03 14:07:43+00:00 [Note] [Entrypoint]: Switching to dedicated user 'mysql'
2026-04-03 14:07:43+00:00 [Note] [Entrypoint]: Entrypoint script for MySQL Server 8.0.45-1.el9 started.
2026-04-03 14:07:43+00:00 [ERROR] [Entrypoint]: MYSQL_USER="root", MYSQL_USER and MYSQL_PASSWORD are for configuring a regular user and cannot be used for the root user
    Remove MYSQL_USER="root" and use one of the following to control the root user password:
    - MYSQL_ROOT_PASSWORD
    - MYSQL_ALLOW_EMPTY_PASSWORD
    - MYSQL_RANDOM_ROOT_PASSWORD
2026-04-03 14:07:44+00:00 [Note] [Entrypoint]: Entrypoint script for MySQL Server 8.0.45-1.el9 started.
2026-04-03 14:07:44+00:00 [Note] [Entrypoint]: Switching to dedicated user 'mysql'
2026-04-03 14:07:44+00:00 [Note] [Entrypoint]: Entrypoint script for MySQL Server 8.0.45-1.el9 started.
2026-04-03 14:07:44+00:00 [ERROR] [Entrypoint]: MYSQL_USER="root", MYSQL_USER and MYSQL_PASSWORD are for configuring a regular user and cannot be used for the root user
    Remove MYSQL_USER="root" and use one of the following to control the root user password:
    - MYSQL_ROOT_PASSWORD
    - MYSQL_ALLOW_EMPTY_PASSWORD
    - MYSQL_RANDOM_ROOT_PASSWORD
2026-04-03 14:07:45+00:00 [Note] [Entrypoint]: Entrypoint script for MySQL Server 8.0.45-1.el9 started.
2026-04-03 14:07:46+00:00 [Note] [Entrypoint]: Switching to dedicated user 'mysql'
2026-04-03 14:07:46+00:00 [Note] [Entrypoint]: Entrypoint script for MySQL Server 8.0.45-1.el9 started.
2026-04-03 14:07:46+00:00 [ERROR] [Entrypoint]: MYSQL_USER="root", MYSQL_USER and MYSQL_PASSWORD are for configuring a regular user and cannot be used for the root user
    Remove MYSQL_USER="root" and use one of the following to control the root user password:
    - MYSQL_ROOT_PASSWORD
    - MYSQL_ALLOW_EMPTY_PASSWORD
    - MYSQL_RANDOM_ROOT_PASSWORD
2026-04-03 14:07:48+00:00 [Note] [Entrypoint]: Entrypoint script for MySQL Server 8.0.45-1.el9 started.
2026-04-03 14:07:48+00:00 [Note] [Entrypoint]: Switching to dedicated user 'mysql'
2026-04-03 14:07:48+00:00 [Note] [Entrypoint]: Entrypoint script for MySQL Server 8.0.45-1.el9 started.
2026-04-03 14:07:48+00:00 [ERROR] [Entrypoint]: MYSQL_USER="root", MYSQL_USER and MYSQL_PASSWORD are for configuring a regular user and cannot be used for the root user
    Remove MYSQL_USER="root" and use one of the following to control the root user password:
    - MYSQL_ROOT_PASSWORD
    - MYSQL_ALLOW_EMPTY_PASSWORD
    - MYSQL_RANDOM_ROOT_PASSWORD
2026-04-03 14:07:52+00:00 [Note] [Entrypoint]: Entrypoint script for MySQL Server 8.0.45-1.el9 started.
2026-04-03 14:07:52+00:00 [Note] [Entrypoint]: Switching to dedicated user 'mysql'
2026-04-03 14:07:52+00:00 [Note] [Entrypoint]: Entrypoint script for MySQL Server 8.0.45-1.el9 started.
2026-04-03 14:07:52+00:00 [ERROR] [Entrypoint]: MYSQL_USER="root", MYSQL_USER and MYSQL_PASSWORD are for configuring a regular user and cannot be used for the root user
    Remove MYSQL_USER="root" and use one of the following to control the root user password:
    - MYSQL_ROOT_PASSWORD
    - MYSQL_ALLOW_EMPTY_PASSWORD
    - MYSQL_RANDOM_ROOT_PASSWORD
2026-04-03 14:07:59+00:00 [Note] [Entrypoint]: Entrypoint script for MySQL Server 8.0.45-1.el9 started.
2026-04-03 14:07:59+00:00 [Note] [Entrypoint]: Switching to dedicated user 'mysql'
2026-04-03 14:07:59+00:00 [Note] [Entrypoint]: Entrypoint script for MySQL Server 8.0.45-1.el9 started.
2026-04-03 14:08:00+00:00 [ERROR] [Entrypoint]: MYSQL_USER="root", MYSQL_USER and MYSQL_PASSWORD are for configuring a regular user and cannot be used for the root user
    Remove MYSQL_USER="root" and use one of the following to control the root user password:
    - MYSQL_ROOT_PASSWORD
    - MYSQL_ALLOW_EMPTY_PASSWORD
    - MYSQL_RANDOM_ROOT_PASSWORD
2026-04-03 14:08:13+00:00 [Note] [Entrypoint]: Entrypoint script for MySQL Server 8.0.45-1.el9 started.
2026-04-03 14:08:13+00:00 [Note] [Entrypoint]: Switching to dedicated user 'mysql'
2026-04-03 14:08:13+00:00 [Note] [Entrypoint]: Entrypoint script for MySQL Server 8.0.45-1.el9 started.
2026-04-03 14:08:13+00:00 [ERROR] [Entrypoint]: MYSQL_USER="root", MYSQL_USER and MYSQL_PASSWORD are for configuring a regular user and cannot be used for the root user
    Remove MYSQL_USER="root" and use one of the following to control the root user password:
    - MYSQL_ROOT_PASSWORD
    - MYSQL_ALLOW_EMPTY_PASSWORD
    - MYSQL_RANDOM_ROOT_PASSWORD
2026-04-03 14:08:39+00:00 [Note] [Entrypoint]: Entrypoint script for MySQL Server 8.0.45-1.el9 started.
2026-04-03 14:08:40+00:00 [Note] [Entrypoint]: Switching to dedicated user 'mysql'
2026-04-03 14:08:40+00:00 [Note] [Entrypoint]: Entrypoint script for MySQL Server 8.0.45-1.el9 started.
2026-04-03 14:08:40+00:00 [ERROR] [Entrypoint]: MYSQL_USER="root", MYSQL_USER and MYSQL_PASSWORD are for configuring a regular user and cannot be used for the root user
    Remove MYSQL_USER="root" and use one of the following to control the root user password:
    - MYSQL_ROOT_PASSWORD
    - MYSQL_ALLOW_EMPTY_PASSWORD
    - MYSQL_RANDOM_ROOT_PASSWORD
2026-04-03 14:09:32+00:00 [Note] [Entrypoint]: Entrypoint script for MySQL Server 8.0.45-1.el9 started.
2026-04-03 14:09:32+00:00 [Note] [Entrypoint]: Switching to dedicated user 'mysql'
2026-04-03 14:09:32+00:00 [Note] [Entrypoint]: Entrypoint script for MySQL Server 8.0.45-1.el9 started.
2026-04-03 14:09:32+00:00 [ERROR] [Entrypoint]: MYSQL_USER="root", MYSQL_USER and MYSQL_PASSWORD are for configuring a regular user and cannot be used for the root user
    Remove MYSQL_USER="root" and use one of the following to control the root user password:
    - MYSQL_ROOT_PASSWORD
    - MYSQL_ALLOW_EMPTY_PASSWORD
    - MYSQL_RANDOM_ROOT_PASSWORD
2026-04-03 14:10:33+00:00 [Note] [Entrypoint]: Entrypoint script for MySQL Server 8.0.45-1.el9 started.
2026-04-03 14:10:33+00:00 [Note] [Entrypoint]: Switching to dedicated user 'mysql'
2026-04-03 14:10:33+00:00 [Note] [Entrypoint]: Entrypoint script for MySQL Server 8.0.45-1.el9 started.
2026-04-03 14:10:33+00:00 [ERROR] [Entrypoint]: MYSQL_USER="root", MYSQL_USER and MYSQL_PASSWORD are for configuring a regular user and cannot be used for the root user
    Remove MYSQL_USER="root" and use one of the following to control the root user password:
    - MYSQL_ROOT_PASSWORD
    - MYSQL_ALLOW_EMPTY_PASSWORD
    - MYSQL_RANDOM_ROOT_PASSWORD
2026-04-03 14:11:33+00:00 [Note] [Entrypoint]: Entrypoint script for MySQL Server 8.0.45-1.el9 started.
2026-04-03 14:11:34+00:00 [Note] [Entrypoint]: Switching to dedicated user 'mysql'
2026-04-03 14:11:34+00:00 [Note] [Entrypoint]: Entrypoint script for MySQL Server 8.0.45-1.el9 started.
2026-04-03 14:11:34+00:00 [ERROR] [Entrypoint]: MYSQL_USER="root", MYSQL_USER and MYSQL_PASSWORD are for configuring a regular user and cannot be used for the root user
    Remove MYSQL_USER="root" and use one of the following to control the root user password:
    - MYSQL_ROOT_PASSWORD
    - MYSQL_ALLOW_EMPTY_PASSWORD
    - MYSQL_RANDOM_ROOT_PASSWORD
2026-04-03 14:12:35+00:00 [Note] [Entrypoint]: Entrypoint script for MySQL Server 8.0.45-1.el9 started.
2026-04-03 14:12:35+00:00 [Note] [Entrypoint]: Switching to dedicated user 'mysql'
2026-04-03 14:12:35+00:00 [Note] [Entrypoint]: Entrypoint script for MySQL Server 8.0.45-1.el9 started.
2026-04-03 14:12:35+00:00 [ERROR] [Entrypoint]: MYSQL_USER="root", MYSQL_USER and MYSQL_PASSWORD are for configuring a regular user and cannot be used for the root user
    Remove MYSQL_USER="root" and use one of the following to control the root user password:
    - MYSQL_ROOT_PASSWORD
    - MYSQL_ALLOW_EMPTY_PASSWORD
    - MYSQL_RANDOM_ROOT_PASSWORD
2026-04-03 14:13:36+00:00 [Note] [Entrypoint]: Entrypoint script for MySQL Server 8.0.45-1.el9 started.
2026-04-03 14:13:36+00:00 [Note] [Entrypoint]: Switching to dedicated user 'mysql'
2026-04-03 14:13:36+00:00 [Note] [Entrypoint]: Entrypoint script for MySQL Server 8.0.45-1.el9 started.
2026-04-03 14:13:36+00:00 [ERROR] [Entrypoint]: MYSQL_USER="root", MYSQL_USER and MYSQL_PASSWORD are for configuring a regular user and cannot be used for the root user
    Remove MYSQL_USER="root" and use one of the following to control the root user password:
    - MYSQL_ROOT_PASSWORD
    - MYSQL_ALLOW_EMPTY_PASSWORD
    - MYSQL_RANDOM_ROOT_PASSWORD
2026-04-03 14:14:37+00:00 [Note] [Entrypoint]: Entrypoint script for MySQL Server 8.0.45-1.el9 started.
2026-04-03 14:14:37+00:00 [Note] [Entrypoint]: Switching to dedicated user 'mysql'
2026-04-03 14:14:37+00:00 [Note] [Entrypoint]: Entrypoint script for MySQL Server 8.0.45-1.el9 started.
2026-04-03 14:14:37+00:00 [ERROR] [Entrypoint]: MYSQL_USER="root", MYSQL_USER and MYSQL_PASSWORD are for configuring a regular user and cannot be used for the root user
    Remove MYSQL_USER="root" and use one of the following to control the root user password:
    - MYSQL_ROOT_PASSWORD
    - MYSQL_ALLOW_EMPTY_PASSWORD
    - MYSQL_RANDOM_ROOT_PASSWORD
2026-04-03 14:15:38+00:00 [Note] [Entrypoint]: Entrypoint script for MySQL Server 8.0.45-1.el9 started.
2026-04-03 14:15:38+00:00 [Note] [Entrypoint]: Switching to dedicated user 'mysql'
2026-04-03 14:15:38+00:00 [Note] [Entrypoint]: Entrypoint script for MySQL Server 8.0.45-1.el9 started.
2026-04-03 14:15:38+00:00 [ERROR] [Entrypoint]: MYSQL_USER="root", MYSQL_USER and MYSQL_PASSWORD are for configuring a regular user and cannot be used for the root user
    Remove MYSQL_USER="root" and use one of the following to control the root user password:
    - MYSQL_ROOT_PASSWORD
    - MYSQL_ALLOW_EMPTY_PASSWORD
    - MYSQL_RANDOM_ROOT_PASSWORD
2026-04-03 14:16:39+00:00 [Note] [Entrypoint]: Entrypoint script for MySQL Server 8.0.45-1.el9 started.
2026-04-03 14:16:39+00:00 [Note] [Entrypoint]: Switching to dedicated user 'mysql'
2026-04-03 14:16:39+00:00 [Note] [Entrypoint]: Entrypoint script for MySQL Server 8.0.45-1.el9 started.
2026-04-03 14:16:39+00:00 [ERROR] [Entrypoint]: MYSQL_USER="root", MYSQL_USER and MYSQL_PASSWORD are for configuring a regular user and cannot be used for the root user
    Remove MYSQL_USER="root" and use one of the following to control the root user password:
    - MYSQL_ROOT_PASSWORD
    - MYSQL_ALLOW_EMPTY_PASSWORD
    - MYSQL_RANDOM_ROOT_PASSWORD
2026-04-03 14:17:39+00:00 [Note] [Entrypoint]: Entrypoint script for MySQL Server 8.0.45-1.el9 started.
2026-04-03 14:17:40+00:00 [Note] [Entrypoint]: Switching to dedicated user 'mysql'
2026-04-03 14:17:40+00:00 [Note] [Entrypoint]: Entrypoint script for MySQL Server 8.0.45-1.el9 started.
2026-04-03 14:17:40+00:00 [ERROR] [Entrypoint]: MYSQL_USER="root", MYSQL_USER and MYSQL_PASSWORD are for configuring a regular user and cannot be used for the root user
    Remove MYSQL_USER="root" and use one of the following to control the root user password:
    - MYSQL_ROOT_PASSWORD
    - MYSQL_ALLOW_EMPTY_PASSWORD
    - MYSQL_RANDOM_ROOT_PASSWORD
2026-04-03 14:18:40+00:00 [Note] [Entrypoint]: Entrypoint script for MySQL Server 8.0.45-1.el9 started.
2026-04-03 14:18:41+00:00 [Note] [Entrypoint]: Switching to dedicated user 'mysql'
2026-04-03 14:18:41+00:00 [Note] [Entrypoint]: Entrypoint script for MySQL Server 8.0.45-1.el9 started.
2026-04-03 14:18:41+00:00 [ERROR] [Entrypoint]: MYSQL_USER="root", MYSQL_USER and MYSQL_PASSWORD are for configuring a regular user and cannot be used for the root user
    Remove MYSQL_USER="root" and use one of the following to control the root user password:
    - MYSQL_ROOT_PASSWORD
    - MYSQL_ALLOW_EMPTY_PASSWORD
    - MYSQL_RANDOM_ROOT_PASSWORD
2026-04-03 14:19:41+00:00 [Note] [Entrypoint]: Entrypoint script for MySQL Server 8.0.45-1.el9 started.
2026-04-03 14:19:41+00:00 [Note] [Entrypoint]: Switching to dedicated user 'mysql'
2026-04-03 14:19:41+00:00 [Note] [Entrypoint]: Entrypoint script for MySQL Server 8.0.45-1.el9 started.
2026-04-03 14:19:42+00:00 [ERROR] [Entrypoint]: MYSQL_USER="root", MYSQL_USER and MYSQL_PASSWORD are for configuring a regular user and cannot be used for the root user
    Remove MYSQL_USER="root" and use one of the following to control the root user password:
    - MYSQL_ROOT_PASSWORD
    - MYSQL_ALLOW_EMPTY_PASSWORD
    - MYSQL_RANDOM_ROOT_PASSWORD
2026-04-03 14:20:42+00:00 [Note] [Entrypoint]: Entrypoint script for MySQL Server 8.0.45-1.el9 started.
2026-04-03 14:20:42+00:00 [Note] [Entrypoint]: Switching to dedicated user 'mysql'
2026-04-03 14:20:42+00:00 [Note] [Entrypoint]: Entrypoint script for MySQL Server 8.0.45-1.el9 started.
2026-04-03 14:20:43+00:00 [ERROR] [Entrypoint]: MYSQL_USER="root", MYSQL_USER and MYSQL_PASSWORD are for configuring a regular user and cannot be used for the root user
    Remove MYSQL_USER="root" and use one of the following to control the root user password:
    - MYSQL_ROOT_PASSWORD
    - MYSQL_ALLOW_EMPTY_PASSWORD
    - MYSQL_RANDOM_ROOT_PASSWORD
2026-04-03 14:21:43+00:00 [Note] [Entrypoint]: Entrypoint script for MySQL Server 8.0.45-1.el9 started.
2026-04-03 14:21:43+00:00 [Note] [Entrypoint]: Switching to dedicated user 'mysql'
2026-04-03 14:21:43+00:00 [Note] [Entrypoint]: Entrypoint script for MySQL Server 8.0.45-1.el9 started.
2026-04-03 14:21:43+00:00 [ERROR] [Entrypoint]: MYSQL_USER="root", MYSQL_USER and MYSQL_PASSWORD are for configuring a regular user and cannot be used for the root user
    Remove MYSQL_USER="root" and use one of the following to control the root user password:
    - MYSQL_ROOT_PASSWORD
    - MYSQL_ALLOW_EMPTY_PASSWORD
    - MYSQL_RANDOM_ROOT_PASSWORD
2026-04-03 14:22:44+00:00 [Note] [Entrypoint]: Entrypoint script for MySQL Server 8.0.45-1.el9 started.
2026-04-03 14:22:44+00:00 [Note] [Entrypoint]: Switching to dedicated user 'mysql'
2026-04-03 14:22:44+00:00 [Note] [Entrypoint]: Entrypoint script for MySQL Server 8.0.45-1.el9 started.
2026-04-03 14:22:44+00:00 [ERROR] [Entrypoint]: MYSQL_USER="root", MYSQL_USER and MYSQL_PASSWORD are for configuring a regular user and cannot be used for the root user
    Remove MYSQL_USER="root" and use one of the following to control the root user password:
    - MYSQL_ROOT_PASSWORD
    - MYSQL_ALLOW_EMPTY_PASSWORD
    - MYSQL_RANDOM_ROOT_PASSWORD
2026-04-03 14:23:45+00:00 [Note] [Entrypoint]: Entrypoint script for MySQL Server 8.0.45-1.el9 started.
2026-04-03 14:23:45+00:00 [Note] [Entrypoint]: Switching to dedicated user 'mysql'
2026-04-03 14:23:45+00:00 [Note] [Entrypoint]: Entrypoint script for MySQL Server 8.0.45-1.el9 started.
2026-04-03 14:23:45+00:00 [ERROR] [Entrypoint]: MYSQL_USER="root", MYSQL_USER and MYSQL_PASSWORD are for configuring a regular user and cannot be used for the root user
    Remove MYSQL_USER="root" and use one of the following to control the root user password:
    - MYSQL_ROOT_PASSWORD
    - MYSQL_ALLOW_EMPTY_PASSWORD
    - MYSQL_RANDOM_ROOT_PASSWORD
2026-04-03 14:24:46+00:00 [Note] [Entrypoint]: Entrypoint script for MySQL Server 8.0.45-1.el9 started.
2026-04-03 14:24:46+00:00 [Note] [Entrypoint]: Switching to dedicated user 'mysql'
2026-04-03 14:24:46+00:00 [Note] [Entrypoint]: Entrypoint script for MySQL Server 8.0.45-1.el9 started.
2026-04-03 14:24:46+00:00 [ERROR] [Entrypoint]: MYSQL_USER="root", MYSQL_USER and MYSQL_PASSWORD are for configuring a regular user and cannot be used for the root user
    Remove MYSQL_USER="root" and use one of the following to control the root user password:
    - MYSQL_ROOT_PASSWORD
    - MYSQL_ALLOW_EMPTY_PASSWORD
    - MYSQL_RANDOM_ROOT_PASSWORD
2026-04-03 14:25:46+00:00 [Note] [Entrypoint]: Entrypoint script for MySQL Server 8.0.45-1.el9 started.
2026-04-03 14:25:47+00:00 [Note] [Entrypoint]: Switching to dedicated user 'mysql'
2026-04-03 14:25:47+00:00 [Note] [Entrypoint]: Entrypoint script for MySQL Server 8.0.45-1.el9 started.
2026-04-03 14:25:47+00:00 [ERROR] [Entrypoint]: MYSQL_USER="root", MYSQL_USER and MYSQL_PASSWORD are for configuring a regular user and cannot be used for the root user
    Remove MYSQL_USER="root" and use one of the following to control the root user password:
    - MYSQL_ROOT_PASSWORD
    - MYSQL_ALLOW_EMPTY_PASSWORD
    - MYSQL_RANDOM_ROOT_PASSWORD
2026-04-03 14:26:47+00:00 [Note] [Entrypoint]: Entrypoint script for MySQL Server 8.0.45-1.el9 started.
2026-04-03 14:26:48+00:00 [Note] [Entrypoint]: Switching to dedicated user 'mysql'
2026-04-03 14:26:48+00:00 [Note] [Entrypoint]: Entrypoint script for MySQL Server 8.0.45-1.el9 started.
2026-04-03 14:26:48+00:00 [ERROR] [Entrypoint]: MYSQL_USER="root", MYSQL_USER and MYSQL_PASSWORD are for configuring a regular user and cannot be used for the root user
    Remove MYSQL_USER="root" and use one of the following to control the root user password:
    - MYSQL_ROOT_PASSWORD
    - MYSQL_ALLOW_EMPTY_PASSWORD
    - MYSQL_RANDOM_ROOT_PASSWORD
2026-04-03 14:27:48+00:00 [Note] [Entrypoint]: Entrypoint script for MySQL Server 8.0.45-1.el9 started.
2026-04-03 14:27:49+00:00 [Note] [Entrypoint]: Switching to dedicated user 'mysql'
2026-04-03 14:27:49+00:00 [Note] [Entrypoint]: Entrypoint script for MySQL Server 8.0.45-1.el9 started.
2026-04-03 14:27:49+00:00 [ERROR] [Entrypoint]: MYSQL_USER="root", MYSQL_USER and MYSQL_PASSWORD are for configuring a regular user and cannot be used for the root user
    Remove MYSQL_USER="root" and use one of the following to control the root user password:
    - MYSQL_ROOT_PASSWORD
    - MYSQL_ALLOW_EMPTY_PASSWORD
    - MYSQL_RANDOM_ROOT_PASSWORD
2026-04-03 14:28:49+00:00 [Note] [Entrypoint]: Entrypoint script for MySQL Server 8.0.45-1.el9 started.
2026-04-03 14:28:50+00:00 [Note] [Entrypoint]: Switching to dedicated user 'mysql'
2026-04-03 14:28:50+00:00 [Note] [Entrypoint]: Entrypoint script for MySQL Server 8.0.45-1.el9 started.
2026-04-03 14:28:50+00:00 [ERROR] [Entrypoint]: MYSQL_USER="root", MYSQL_USER and MYSQL_PASSWORD are for configuring a regular user and cannot be used for the root user
    Remove MYSQL_USER="root" and use one of the following to control the root user password:
    - MYSQL_ROOT_PASSWORD
    - MYSQL_ALLOW_EMPTY_PASSWORD
    - MYSQL_RANDOM_ROOT_PASSWORD
2026-04-03 14:29:50+00:00 [Note] [Entrypoint]: Entrypoint script for MySQL Server 8.0.45-1.el9 started.
2026-04-03 14:29:51+00:00 [Note] [Entrypoint]: Switching to dedicated user 'mysql'
2026-04-03 14:29:51+00:00 [Note] [Entrypoint]: Entrypoint script for MySQL Server 8.0.45-1.el9 started.
2026-04-03 14:29:51+00:00 [ERROR] [Entrypoint]: MYSQL_USER="root", MYSQL_USER and MYSQL_PASSWORD are for configuring a regular user and cannot be used for the root user
    Remove MYSQL_USER="root" and use one of the following to control the root user password:
    - MYSQL_ROOT_PASSWORD
    - MYSQL_ALLOW_EMPTY_PASSWORD
    - MYSQL_RANDOM_ROOT_PASSWORD
2026-04-03 14:30:51+00:00 [Note] [Entrypoint]: Entrypoint script for MySQL Server 8.0.45-1.el9 started.
2026-04-03 14:30:52+00:00 [Note] [Entrypoint]: Switching to dedicated user 'mysql'
2026-04-03 14:30:52+00:00 [Note] [Entrypoint]: Entrypoint script for MySQL Server 8.0.45-1.el9 started.
2026-04-03 14:30:52+00:00 [ERROR] [Entrypoint]: MYSQL_USER="root", MYSQL_USER and MYSQL_PASSWORD are for configuring a regular user and cannot be used for the root user
    Remove MYSQL_USER="root" and use one of the following to control the root user password:
    - MYSQL_ROOT_PASSWORD
    - MYSQL_ALLOW_EMPTY_PASSWORD
    - MYSQL_RANDOM_ROOT_PASSWORD
2026-04-03 14:31:52+00:00 [Note] [Entrypoint]: Entrypoint script for MySQL Server 8.0.45-1.el9 started.
2026-04-03 14:31:53+00:00 [Note] [Entrypoint]: Switching to dedicated user 'mysql'
2026-04-03 14:31:53+00:00 [Note] [Entrypoint]: Entrypoint script for MySQL Server 8.0.45-1.el9 started.
2026-04-03 14:31:53+00:00 [ERROR] [Entrypoint]: MYSQL_USER="root", MYSQL_USER and MYSQL_PASSWORD are for configuring a regular user and cannot be used for the root user
    Remove MYSQL_USER="root" and use one of the following to control the root user password:
    - MYSQL_ROOT_PASSWORD
    - MYSQL_ALLOW_EMPTY_PASSWORD
    - MYSQL_RANDOM_ROOT_PASSWORD
2026-04-03 14:32:53+00:00 [Note] [Entrypoint]: Entrypoint script for MySQL Server 8.0.45-1.el9 started.
2026-04-03 14:32:54+00:00 [Note] [Entrypoint]: Switching to dedicated user 'mysql'
2026-04-03 14:32:54+00:00 [Note] [Entrypoint]: Entrypoint script for MySQL Server 8.0.45-1.el9 started.
2026-04-03 14:32:54+00:00 [ERROR] [Entrypoint]: MYSQL_USER="root", MYSQL_USER and MYSQL_PASSWORD are for configuring a regular user and cannot be used for the root user
    Remove MYSQL_USER="root" and use one of the following to control the root user password:
    - MYSQL_ROOT_PASSWORD
    - MYSQL_ALLOW_EMPTY_PASSWORD
    - MYSQL_RANDOM_ROOT_PASSWORD
2026-04-03 14:33:54+00:00 [Note] [Entrypoint]: Entrypoint script for MySQL Server 8.0.45-1.el9 started.
2026-04-03 14:33:55+00:00 [Note] [Entrypoint]: Switching to dedicated user 'mysql'
2026-04-03 14:33:55+00:00 [Note] [Entrypoint]: Entrypoint script for MySQL Server 8.0.45-1.el9 started.
2026-04-03 14:33:55+00:00 [ERROR] [Entrypoint]: MYSQL_USER="root", MYSQL_USER and MYSQL_PASSWORD are for configuring a regular user and cannot be used for the root user
    Remove MYSQL_USER="root" and use one of the following to control the root user password:
    - MYSQL_ROOT_PASSWORD
    - MYSQL_ALLOW_EMPTY_PASSWORD
    - MYSQL_RANDOM_ROOT_PASSWORD
2026-04-03 14:34:55+00:00 [Note] [Entrypoint]: Entrypoint script for MySQL Server 8.0.45-1.el9 started.
2026-04-03 14:34:55+00:00 [Note] [Entrypoint]: Switching to dedicated user 'mysql'
2026-04-03 14:34:55+00:00 [Note] [Entrypoint]: Entrypoint script for MySQL Server 8.0.45-1.el9 started.
2026-04-03 14:34:56+00:00 [ERROR] [Entrypoint]: MYSQL_USER="root", MYSQL_USER and MYSQL_PASSWORD are for configuring a regular user and cannot be used for the root user
    Remove MYSQL_USER="root" and use one of the following to control the root user password:
    - MYSQL_ROOT_PASSWORD
    - MYSQL_ALLOW_EMPTY_PASSWORD
    - MYSQL_RANDOM_ROOT_PASSWORD
2026-04-03 14:35:56+00:00 [Note] [Entrypoint]: Entrypoint script for MySQL Server 8.0.45-1.el9 started.
2026-04-03 14:35:56+00:00 [Note] [Entrypoint]: Switching to dedicated user 'mysql'
2026-04-03 14:35:56+00:00 [Note] [Entrypoint]: Entrypoint script for MySQL Server 8.0.45-1.el9 started.
2026-04-03 14:35:57+00:00 [ERROR] [Entrypoint]: MYSQL_USER="root", MYSQL_USER and MYSQL_PASSWORD are for configuring a regular user and cannot be used for the root user
    Remove MYSQL_USER="root" and use one of the following to control the root user password:
    - MYSQL_ROOT_PASSWORD
    - MYSQL_ALLOW_EMPTY_PASSWORD
    - MYSQL_RANDOM_ROOT_PASSWORD
2026-04-03 14:36:57+00:00 [Note] [Entrypoint]: Entrypoint script for MySQL Server 8.0.45-1.el9 started.
2026-04-03 14:36:57+00:00 [Note] [Entrypoint]: Switching to dedicated user 'mysql'
2026-04-03 14:36:57+00:00 [Note] [Entrypoint]: Entrypoint script for MySQL Server 8.0.45-1.el9 started.
2026-04-03 14:36:58+00:00 [ERROR] [Entrypoint]: MYSQL_USER="root", MYSQL_USER and MYSQL_PASSWORD are for configuring a regular user and cannot be used for the root user
    Remove MYSQL_USER="root" and use one of the following to control the root user password:
    - MYSQL_ROOT_PASSWORD
    - MYSQL_ALLOW_EMPTY_PASSWORD
    - MYSQL_RANDOM_ROOT_PASSWORD
2026-04-03 14:37:58+00:00 [Note] [Entrypoint]: Entrypoint script for MySQL Server 8.0.45-1.el9 started.
2026-04-03 14:37:58+00:00 [Note] [Entrypoint]: Switching to dedicated user 'mysql'
2026-04-03 14:37:58+00:00 [Note] [Entrypoint]: Entrypoint script for MySQL Server 8.0.45-1.el9 started.
2026-04-03 14:37:59+00:00 [ERROR] [Entrypoint]: MYSQL_USER="root", MYSQL_USER and MYSQL_PASSWORD are for configuring a regular user and cannot be used for the root user
    Remove MYSQL_USER="root" and use one of the following to control the root user password:
    - MYSQL_ROOT_PASSWORD
    - MYSQL_ALLOW_EMPTY_PASSWORD
    - MYSQL_RANDOM_ROOT_PASSWORD
2026-04-03 14:38:59+00:00 [Note] [Entrypoint]: Entrypoint script for MySQL Server 8.0.45-1.el9 started.
2026-04-03 14:38:59+00:00 [Note] [Entrypoint]: Switching to dedicated user 'mysql'
2026-04-03 14:38:59+00:00 [Note] [Entrypoint]: Entrypoint script for MySQL Server 8.0.45-1.el9 started.
2026-04-03 14:38:59+00:00 [ERROR] [Entrypoint]: MYSQL_USER="root", MYSQL_USER and MYSQL_PASSWORD are for configuring a regular user and cannot be used for the root user
    Remove MYSQL_USER="root" and use one of the following to control the root user password:
    - MYSQL_ROOT_PASSWORD
    - MYSQL_ALLOW_EMPTY_PASSWORD
    - MYSQL_RANDOM_ROOT_PASSWORD
2026-04-03 14:40:00+00:00 [Note] [Entrypoint]: Entrypoint script for MySQL Server 8.0.45-1.el9 started.
2026-04-03 14:40:00+00:00 [Note] [Entrypoint]: Switching to dedicated user 'mysql'
2026-04-03 14:40:00+00:00 [Note] [Entrypoint]: Entrypoint script for MySQL Server 8.0.45-1.el9 started.
2026-04-03 14:40:00+00:00 [ERROR] [Entrypoint]: MYSQL_USER="root", MYSQL_USER and MYSQL_PASSWORD are for configuring a regular user and cannot be used for the root user
    Remove MYSQL_USER="root" and use one of the following to control the root user password:
    - MYSQL_ROOT_PASSWORD
    - MYSQL_ALLOW_EMPTY_PASSWORD
    - MYSQL_RANDOM_ROOT_PASSWORD
2026-04-03 14:41:01+00:00 [Note] [Entrypoint]: Entrypoint script for MySQL Server 8.0.45-1.el9 started.
2026-04-03 14:41:01+00:00 [Note] [Entrypoint]: Switching to dedicated user 'mysql'
2026-04-03 14:41:02+00:00 [Note] [Entrypoint]: Entrypoint script for MySQL Server 8.0.45-1.el9 started.
2026-04-03 14:41:02+00:00 [ERROR] [Entrypoint]: MYSQL_USER="root", MYSQL_USER and MYSQL_PASSWORD are for configuring a regular user and cannot be used for the root user
    Remove MYSQL_USER="root" and use one of the following to control the root user password:
    - MYSQL_ROOT_PASSWORD
    - MYSQL_ALLOW_EMPTY_PASSWORD
    - MYSQL_RANDOM_ROOT_PASSWORD
2026-04-03 14:42:02+00:00 [Note] [Entrypoint]: Entrypoint script for MySQL Server 8.0.45-1.el9 started.
2026-04-03 14:42:02+00:00 [Note] [Entrypoint]: Switching to dedicated user 'mysql'
2026-04-03 14:42:02+00:00 [Note] [Entrypoint]: Entrypoint script for MySQL Server 8.0.45-1.el9 started.
2026-04-03 14:42:03+00:00 [ERROR] [Entrypoint]: MYSQL_USER="root", MYSQL_USER and MYSQL_PASSWORD are for configuring a regular user and cannot be used for the root user
    Remove MYSQL_USER="root" and use one of the following to control the root user password:
    - MYSQL_ROOT_PASSWORD
    - MYSQL_ALLOW_EMPTY_PASSWORD
    - MYSQL_RANDOM_ROOT_PASSWORD
2026-04-03 14:43:03+00:00 [Note] [Entrypoint]: Entrypoint script for MySQL Server 8.0.45-1.el9 started.
2026-04-03 14:43:03+00:00 [Note] [Entrypoint]: Switching to dedicated user 'mysql'
2026-04-03 14:43:03+00:00 [Note] [Entrypoint]: Entrypoint script for MySQL Server 8.0.45-1.el9 started.
2026-04-03 14:43:04+00:00 [ERROR] [Entrypoint]: MYSQL_USER="root", MYSQL_USER and MYSQL_PASSWORD are for configuring a regular user and cannot be used for the root user
    Remove MYSQL_USER="root" and use one of the following to control the root user password:
    - MYSQL_ROOT_PASSWORD
    - MYSQL_ALLOW_EMPTY_PASSWORD
    - MYSQL_RANDOM_ROOT_PASSWORD
2026-04-03 14:44:04+00:00 [Note] [Entrypoint]: Entrypoint script for MySQL Server 8.0.45-1.el9 started.
2026-04-03 14:44:04+00:00 [Note] [Entrypoint]: Switching to dedicated user 'mysql'
2026-04-03 14:44:04+00:00 [Note] [Entrypoint]: Entrypoint script for MySQL Server 8.0.45-1.el9 started.
2026-04-03 14:44:05+00:00 [ERROR] [Entrypoint]: MYSQL_USER="root", MYSQL_USER and MYSQL_PASSWORD are for configuring a regular user and cannot be used for the root user
    Remove MYSQL_USER="root" and use one of the following to control the root user password:
    - MYSQL_ROOT_PASSWORD
    - MYSQL_ALLOW_EMPTY_PASSWORD
    - MYSQL_RANDOM_ROOT_PASSWORD
2026-04-03 14:45:05+00:00 [Note] [Entrypoint]: Entrypoint script for MySQL Server 8.0.45-1.el9 started.
2026-04-03 14:45:05+00:00 [Note] [Entrypoint]: Switching to dedicated user 'mysql'
2026-04-03 14:45:05+00:00 [Note] [Entrypoint]: Entrypoint script for MySQL Server 8.0.45-1.el9 started.
2026-04-03 14:45:05+00:00 [ERROR] [Entrypoint]: MYSQL_USER="root", MYSQL_USER and MYSQL_PASSWORD are for configuring a regular user and cannot be used for the root user
    Remove MYSQL_USER="root" and use one of the following to control the root user password:
    - MYSQL_ROOT_PASSWORD
    - MYSQL_ALLOW_EMPTY_PASSWORD
    - MYSQL_RANDOM_ROOT_PASSWORD
2026-04-03 14:46:06+00:00 [Note] [Entrypoint]: Entrypoint script for MySQL Server 8.0.45-1.el9 started.
2026-04-03 14:46:07+00:00 [Note] [Entrypoint]: Switching to dedicated user 'mysql'
2026-04-03 14:46:07+00:00 [Note] [Entrypoint]: Entrypoint script for MySQL Server 8.0.45-1.el9 started.
2026-04-03 14:46:07+00:00 [ERROR] [Entrypoint]: MYSQL_USER="root", MYSQL_USER and MYSQL_PASSWORD are for configuring a regular user and cannot be used for the root user
    Remove MYSQL_USER="root" and use one of the following to control the root user password:
    - MYSQL_ROOT_PASSWORD
    - MYSQL_ALLOW_EMPTY_PASSWORD
    - MYSQL_RANDOM_ROOT_PASSWORD
2026-04-03 14:47:07+00:00 [Note] [Entrypoint]: Entrypoint script for MySQL Server 8.0.45-1.el9 started.
2026-04-03 14:47:08+00:00 [Note] [Entrypoint]: Switching to dedicated user 'mysql'
2026-04-03 14:47:08+00:00 [Note] [Entrypoint]: Entrypoint script for MySQL Server 8.0.45-1.el9 started.
2026-04-03 14:47:08+00:00 [ERROR] [Entrypoint]: MYSQL_USER="root", MYSQL_USER and MYSQL_PASSWORD are for configuring a regular user and cannot be used for the root user
    Remove MYSQL_USER="root" and use one of the following to control the root user password:
    - MYSQL_ROOT_PASSWORD
    - MYSQL_ALLOW_EMPTY_PASSWORD
    - MYSQL_RANDOM_ROOT_PASSWORD
2026-04-03 14:48:08+00:00 [Note] [Entrypoint]: Entrypoint script for MySQL Server 8.0.45-1.el9 started.
2026-04-03 14:48:09+00:00 [Note] [Entrypoint]: Switching to dedicated user 'mysql'
2026-04-03 14:48:09+00:00 [Note] [Entrypoint]: Entrypoint script for MySQL Server 8.0.45-1.el9 started.
2026-04-03 14:48:09+00:00 [ERROR] [Entrypoint]: MYSQL_USER="root", MYSQL_USER and MYSQL_PASSWORD are for configuring a regular user and cannot be used for the root user
    Remove MYSQL_USER="root" and use one of the following to control the root user password:
    - MYSQL_ROOT_PASSWORD
    - MYSQL_ALLOW_EMPTY_PASSWORD
    - MYSQL_RANDOM_ROOT_PASSWORD
2026-04-03 14:49:09+00:00 [Note] [Entrypoint]: Entrypoint script for MySQL Server 8.0.45-1.el9 started.
2026-04-03 14:49:09+00:00 [Note] [Entrypoint]: Switching to dedicated user 'mysql'
2026-04-03 14:49:09+00:00 [Note] [Entrypoint]: Entrypoint script for MySQL Server 8.0.45-1.el9 started.
2026-04-03 14:49:10+00:00 [ERROR] [Entrypoint]: MYSQL_USER="root", MYSQL_USER and MYSQL_PASSWORD are for configuring a regular user and cannot be used for the root user
    Remove MYSQL_USER="root" and use one of the following to control the root user password:
    - MYSQL_ROOT_PASSWORD
    - MYSQL_ALLOW_EMPTY_PASSWORD
    - MYSQL_RANDOM_ROOT_PASSWORD
2026-04-03 14:50:10+00:00 [Note] [Entrypoint]: Entrypoint script for MySQL Server 8.0.45-1.el9 started.
2026-04-03 14:50:10+00:00 [Note] [Entrypoint]: Switching to dedicated user 'mysql'
2026-04-03 14:50:10+00:00 [Note] [Entrypoint]: Entrypoint script for MySQL Server 8.0.45-1.el9 started.
2026-04-03 14:50:11+00:00 [ERROR] [Entrypoint]: MYSQL_USER="root", MYSQL_USER and MYSQL_PASSWORD are for configuring a regular user and cannot be used for the root user
    Remove MYSQL_USER="root" and use one of the following to control the root user password:
    - MYSQL_ROOT_PASSWORD
    - MYSQL_ALLOW_EMPTY_PASSWORD
    - MYSQL_RANDOM_ROOT_PASSWORD
2026-04-03 14:51:11+00:00 [Note] [Entrypoint]: Entrypoint script for MySQL Server 8.0.45-1.el9 started.
2026-04-03 14:51:11+00:00 [Note] [Entrypoint]: Switching to dedicated user 'mysql'
2026-04-03 14:51:11+00:00 [Note] [Entrypoint]: Entrypoint script for MySQL Server 8.0.45-1.el9 started.
2026-04-03 14:51:12+00:00 [ERROR] [Entrypoint]: MYSQL_USER="root", MYSQL_USER and MYSQL_PASSWORD are for configuring a regular user and cannot be used for the root user
    Remove MYSQL_USER="root" and use one of the following to control the root user password:
    - MYSQL_ROOT_PASSWORD
    - MYSQL_ALLOW_EMPTY_PASSWORD
    - MYSQL_RANDOM_ROOT_PASSWORD
2026-04-03 14:52:12+00:00 [Note] [Entrypoint]: Entrypoint script for MySQL Server 8.0.45-1.el9 started.
2026-04-03 14:52:12+00:00 [Note] [Entrypoint]: Switching to dedicated user 'mysql'
2026-04-03 14:52:12+00:00 [Note] [Entrypoint]: Entrypoint script for MySQL Server 8.0.45-1.el9 started.
2026-04-03 14:52:13+00:00 [ERROR] [Entrypoint]: MYSQL_USER="root", MYSQL_USER and MYSQL_PASSWORD are for configuring a regular user and cannot be used for the root user
    Remove MYSQL_USER="root" and use one of the following to control the root user password:
    - MYSQL_ROOT_PASSWORD
    - MYSQL_ALLOW_EMPTY_PASSWORD
    - MYSQL_RANDOM_ROOT_PASSWORD
2026-04-03 14:53:13+00:00 [Note] [Entrypoint]: Entrypoint script for MySQL Server 8.0.45-1.el9 started.
2026-04-03 14:53:13+00:00 [Note] [Entrypoint]: Switching to dedicated user 'mysql'
2026-04-03 14:53:13+00:00 [Note] [Entrypoint]: Entrypoint script for MySQL Server 8.0.45-1.el9 started.
2026-04-03 14:53:13+00:00 [ERROR] [Entrypoint]: MYSQL_USER="root", MYSQL_USER and MYSQL_PASSWORD are for configuring a regular user and cannot be used for the root user
    Remove MYSQL_USER="root" and use one of the following to control the root user password:
    - MYSQL_ROOT_PASSWORD
    - MYSQL_ALLOW_EMPTY_PASSWORD
    - MYSQL_RANDOM_ROOT_PASSWORD
2026-04-03 14:54:14+00:00 [Note] [Entrypoint]: Entrypoint script for MySQL Server 8.0.45-1.el9 started.
2026-04-03 14:54:14+00:00 [Note] [Entrypoint]: Switching to dedicated user 'mysql'
2026-04-03 14:54:14+00:00 [Note] [Entrypoint]: Entrypoint script for MySQL Server 8.0.45-1.el9 started.
2026-04-03 14:54:14+00:00 [ERROR] [Entrypoint]: MYSQL_USER="root", MYSQL_USER and MYSQL_PASSWORD are for configuring a regular user and cannot be used for the root user
    Remove MYSQL_USER="root" and use one of the following to control the root user password:
    - MYSQL_ROOT_PASSWORD
    - MYSQL_ALLOW_EMPTY_PASSWORD
    - MYSQL_RANDOM_ROOT_PASSWORD
2026-04-03 14:55:15+00:00 [Note] [Entrypoint]: Entrypoint script for MySQL Server 8.0.45-1.el9 started.
2026-04-03 14:55:15+00:00 [Note] [Entrypoint]: Switching to dedicated user 'mysql'
2026-04-03 14:55:15+00:00 [Note] [Entrypoint]: Entrypoint script for MySQL Server 8.0.45-1.el9 started.
2026-04-03 14:55:16+00:00 [ERROR] [Entrypoint]: MYSQL_USER="root", MYSQL_USER and MYSQL_PASSWORD are for configuring a regular user and cannot be used for the root user
    Remove MYSQL_USER="root" and use one of the following to control the root user password:
    - MYSQL_ROOT_PASSWORD
    - MYSQL_ALLOW_EMPTY_PASSWORD
    - MYSQL_RANDOM_ROOT_PASSWORD
2026-04-03 14:56:16+00:00 [Note] [Entrypoint]: Entrypoint script for MySQL Server 8.0.45-1.el9 started.
2026-04-03 14:56:16+00:00 [Note] [Entrypoint]: Switching to dedicated user 'mysql'
2026-04-03 14:56:16+00:00 [Note] [Entrypoint]: Entrypoint script for MySQL Server 8.0.45-1.el9 started.
2026-04-03 14:56:17+00:00 [ERROR] [Entrypoint]: MYSQL_USER="root", MYSQL_USER and MYSQL_PASSWORD are for configuring a regular user and cannot be used for the root user
    Remove MYSQL_USER="root" and use one of the following to control the root user password:
    - MYSQL_ROOT_PASSWORD
    - MYSQL_ALLOW_EMPTY_PASSWORD
    - MYSQL_RANDOM_ROOT_PASSWORD
2026-04-03 14:57:17+00:00 [Note] [Entrypoint]: Entrypoint script for MySQL Server 8.0.45-1.el9 started.
2026-04-03 14:57:17+00:00 [Note] [Entrypoint]: Switching to dedicated user 'mysql'
2026-04-03 14:57:17+00:00 [Note] [Entrypoint]: Entrypoint script for MySQL Server 8.0.45-1.el9 started.
2026-04-03 14:57:17+00:00 [ERROR] [Entrypoint]: MYSQL_USER="root", MYSQL_USER and MYSQL_PASSWORD are for configuring a regular user and cannot be used for the root user
    Remove MYSQL_USER="root" and use one of the following to control the root user password:
    - MYSQL_ROOT_PASSWORD
    - MYSQL_ALLOW_EMPTY_PASSWORD
    - MYSQL_RANDOM_ROOT_PASSWORD
